<!DOCTYPE html>
<html>
   <head>
      <title>flake8 violations: env/lib/python3.10/site-packages/numpy/distutils/tests/test_ccompiler_opt_conf.py</title>
      <meta http-equiv="Content-Type" value="text/html; charset=UTF-8">
      <link rel="stylesheet" href="styles.css">
<script>
function bindHandler(link) {
   var code = link.getAttribute('data-code');
   var key = location.pathname + '#' + code;

   var ul = link.parentNode.querySelector('.details');
   if (sessionStorage[key] != 'open') {
      ul.style.display = 'none';
   }
   link.addEventListener('click', function (event) {
      if (!ul.style.display || ul.style.display == 'none') {
         ul.style.display = 'block';
         sessionStorage[key] = 'open';
      } else {
         ul.style.display = 'none';
         sessionStorage[key] = 'closed';
      }
   });
}

window.addEventListener('DOMContentLoaded', function () {
   var links = document.querySelectorAll('#index > li > a');
   for (var i = 0; i < links.length; i++) {
      bindHandler(links[i]);
   }
});
</script>
   </head>
   <body>
      <div id="masthead" class="sev-2"></div>
      <div id="page">
         <p id="srclink">
            <a title="View full annotated source"
               href="env.lib.python3.10.site-packages.numpy.distutils.tests.test_ccompiler_opt_conf.source.html">
               <img src="file.svg" alt="&#x2261;">
            </a></p>
         <h1>
            <a href="index.html">
               <img src="back.svg" alt="&#x2B05;">
               env/lib/python3.10/site-packages/numpy/distutils/tests/test_ccompiler_opt_conf.py
            </a>
         </h1>

         <ul id="index">
         
         <li>
            <a data-code="E251">
               <span class="count sev-2">
                  14
               </span>
               <strong>E251:</strong> unexpected spaces around keyword / parameter equals
               
            </a>
            <ul class="details">
            <li>
               
               <p>Unexpected spaces around keyword / parameter equals (in 2 places):</p>
               
               <a href="env.lib.python3.10.site-packages.numpy.distutils.tests.test_ccompiler_opt_conf.source.html#l12">
                  <tt><i>12</i>     <span class="n">x86</span> <span class="o">=</span> <span class="p">(</span><span class="s2">&quot;gcc&quot;</span><span class="p">,</span> <span class="s2">&quot;clang&quot;</span><span class="p">,</span> <span class="s2">&quot;icc&quot;</span><span class="p">,</span> <span class="s2">&quot;iccw&quot;</span><span class="p">,</span> <span class="s2">&quot;msvc&quot;</span><span class="p">),</span></tt>
               </a>
            </li><li>
               
               <p>Unexpected spaces around keyword / parameter equals (in 2 places):</p>
               
               <a href="env.lib.python3.10.site-packages.numpy.distutils.tests.test_ccompiler_opt_conf.source.html#l13">
                  <tt><i>13</i>     <span class="n">x64</span> <span class="o">=</span> <span class="p">(</span><span class="s2">&quot;gcc&quot;</span><span class="p">,</span> <span class="s2">&quot;clang&quot;</span><span class="p">,</span> <span class="s2">&quot;icc&quot;</span><span class="p">,</span> <span class="s2">&quot;iccw&quot;</span><span class="p">,</span> <span class="s2">&quot;msvc&quot;</span><span class="p">),</span></tt>
               </a>
            </li><li>
               
               <p>Unexpected spaces around keyword / parameter equals (in 2 places):</p>
               
               <a href="env.lib.python3.10.site-packages.numpy.distutils.tests.test_ccompiler_opt_conf.source.html#l14">
                  <tt><i>14</i>     <span class="n">ppc64</span> <span class="o">=</span> <span class="p">(</span><span class="s2">&quot;gcc&quot;</span><span class="p">,</span> <span class="s2">&quot;clang&quot;</span><span class="p">),</span></tt>
               </a>
            </li><li>
               
               <p>Unexpected spaces around keyword / parameter equals (in 2 places):</p>
               
               <a href="env.lib.python3.10.site-packages.numpy.distutils.tests.test_ccompiler_opt_conf.source.html#l15">
                  <tt><i>15</i>     <span class="n">ppc64le</span> <span class="o">=</span> <span class="p">(</span><span class="s2">&quot;gcc&quot;</span><span class="p">,</span> <span class="s2">&quot;clang&quot;</span><span class="p">),</span></tt>
               </a>
            </li><li>
               
               <p>Unexpected spaces around keyword / parameter equals (in 2 places):</p>
               
               <a href="env.lib.python3.10.site-packages.numpy.distutils.tests.test_ccompiler_opt_conf.source.html#l16">
                  <tt><i>16</i>     <span class="n">armhf</span> <span class="o">=</span> <span class="p">(</span><span class="s2">&quot;gcc&quot;</span><span class="p">,</span> <span class="s2">&quot;clang&quot;</span><span class="p">),</span></tt>
               </a>
            </li><li>
               
               <p>Unexpected spaces around keyword / parameter equals (in 2 places):</p>
               
               <a href="env.lib.python3.10.site-packages.numpy.distutils.tests.test_ccompiler_opt_conf.source.html#l17">
                  <tt><i>17</i>     <span class="n">aarch64</span> <span class="o">=</span> <span class="p">(</span><span class="s2">&quot;gcc&quot;</span><span class="p">,</span> <span class="s2">&quot;clang&quot;</span><span class="p">),</span></tt>
               </a>
            </li><li>
               
               <p>Unexpected spaces around keyword / parameter equals (in 2 places):</p>
               
               <a href="env.lib.python3.10.site-packages.numpy.distutils.tests.test_ccompiler_opt_conf.source.html#l18">
                  <tt><i>18</i>     <span class="n">narch</span> <span class="o">=</span> <span class="p">(</span><span class="s2">&quot;gcc&quot;</span><span class="p">,)</span></tt>
               </a>
            </li>
            </ul>
         </li>
         
         <li>
            <a data-code="E501">
               <span class="count sev-2">
                  9
               </span>
               <strong>E501:</strong> line too long (81 > 79 characters)
               
                  (and 6 similar)
               
            </a>
            <ul class="details">
            <li>
               
               <p>Line too long (81 > 79 characters):</p>
               
               <a href="env.lib.python3.10.site-packages.numpy.distutils.tests.test_ccompiler_opt_conf.source.html#l61">
                  <tt><i>61</i>             <span class="k">raise</span> <span class="ne">AssertionError</span><span class="p">(</span><span class="n">error_msg</span> <span class="o">+</span> <span class="s2">&quot;feature name must be in uppercase&quot;</span><span class="p">)</span></tt>
               </a>
            </li><li>
               
               <p>Line too long (80 > 79 characters):</p>
               
               <a href="env.lib.python3.10.site-packages.numpy.distutils.tests.test_ccompiler_opt_conf.source.html#l69">
                  <tt><i>69</i>         <span class="bp">self</span><span class="o">.</span><span class="n">test_extra_checks</span><span class="p">(</span><span class="n">error_msg</span><span class="p">,</span> <span class="n">search_in</span><span class="p">,</span> <span class="n">feature_name</span><span class="p">,</span> <span class="n">feature_dict</span><span class="p">)</span></tt>
               </a>
            </li><li>
               
               <p>Line too long (80 > 79 characters):</p>
               
               <a href="env.lib.python3.10.site-packages.numpy.distutils.tests.test_ccompiler_opt_conf.source.html#l74">
                  <tt><i>74</i>                 <span class="s2">&quot;implies&quot;</span><span class="p">,</span> <span class="s2">&quot;headers&quot;</span><span class="p">,</span> <span class="s2">&quot;flags&quot;</span><span class="p">,</span> <span class="s2">&quot;group&quot;</span><span class="p">,</span> <span class="s2">&quot;detect&quot;</span><span class="p">,</span> <span class="s2">&quot;extra_checks&quot;</span></tt>
               </a>
            </li><li>
               
               <p>Line too long (81 > 79 characters):</p>
               
               <a href="env.lib.python3.10.site-packages.numpy.distutils.tests.test_ccompiler_opt_conf.source.html#l94">
                  <tt><i>94</i>             <span class="k">raise</span> <span class="ne">AssertionError</span><span class="p">(</span><span class="n">error_msg</span> <span class="o">+</span> <span class="s2">&quot;invalid option name &#39;</span><span class="si">%s</span><span class="s2">&#39;&quot;</span> <span class="o">%</span> <span class="n">option</span><span class="p">)</span></tt>
               </a>
            </li><li>
               
               <p>Line too long (89 > 79 characters):</p>
               
               <a href="env.lib.python3.10.site-packages.numpy.distutils.tests.test_ccompiler_opt_conf.source.html#l105">
                  <tt><i>105</i>             <span class="k">raise</span> <span class="ne">AssertionError</span><span class="p">(</span><span class="n">error_msg</span> <span class="o">+</span> <span class="s2">&quot;duplicated values in option &#39;</span><span class="si">%s</span><span class="s2">&#39;&quot;</span> <span class="o">%</span> <span class="n">option</span><span class="p">)</span></tt>
               </a>
            </li><li>
               
               <p>Line too long (92 > 79 characters):</p>
               
               <a href="env.lib.python3.10.site-packages.numpy.distutils.tests.test_ccompiler_opt_conf.source.html#l123">
                  <tt><i>123</i>                     <span class="k">raise</span> <span class="ne">AssertionError</span><span class="p">(</span><span class="n">error_msg</span> <span class="o">+</span> <span class="s2">&quot;implies disabled feature &#39;</span><span class="si">%s</span><span class="s2">&#39;&quot;</span> <span class="o">%</span> <span class="n">impl</span><span class="p">)</span></tt>
               </a>
            </li><li>
               
               <p>Line too long (85 > 79 characters):</p>
               
               <a href="env.lib.python3.10.site-packages.numpy.distutils.tests.test_ccompiler_opt_conf.source.html#l125">
                  <tt><i>125</i>             <span class="k">raise</span> <span class="ne">AssertionError</span><span class="p">(</span><span class="n">error_msg</span> <span class="o">+</span> <span class="s2">&quot;implies non-exist feature &#39;</span><span class="si">%s</span><span class="s2">&#39;&quot;</span> <span class="o">%</span> <span class="n">impl</span><span class="p">)</span></tt>
               </a>
            </li><li>
               
               <p>Line too long (82 > 79 characters):</p>
               
               <a href="env.lib.python3.10.site-packages.numpy.distutils.tests.test_ccompiler_opt_conf.source.html#l144">
                  <tt><i>144</i>     <span class="k">def</span> <span class="nf">test_extra_checks</span><span class="p">(</span><span class="bp">self</span><span class="p">,</span> <span class="n">error_msg</span><span class="p">,</span> <span class="n">search_in</span><span class="p">,</span> <span class="n">feature_name</span><span class="p">,</span> <span class="n">feature_dict</span><span class="p">):</span></tt>
               </a>
            </li><li>
               
               <p>Line too long (101 > 79 characters):</p>
               
               <a href="env.lib.python3.10.site-packages.numpy.distutils.tests.test_ccompiler_opt_conf.source.html#l158">
                  <tt><i>158</i>                 <span class="s2">&quot;in option &#39;extra_checks&#39;, extra test case &#39;</span><span class="si">%s</span><span class="s2">&#39; already exists as a feature name&quot;</span> <span class="o">%</span> <span class="n">f</span></tt>
               </a>
            </li>
            </ul>
         </li>
         
         <li>
            <a data-code="E301">
               <span class="count sev-2">
                  4
               </span>
               <strong>E301:</strong> expected 1 blank line, found 0
               
            </a>
            <ul class="details">
            <li>
               
               <a href="env.lib.python3.10.site-packages.numpy.distutils.tests.test_ccompiler_opt_conf.source.html#l23">
                  <tt><i>23</i>     <span class="k">def</span> <span class="fm">__init__</span><span class="p">(</span><span class="bp">self</span><span class="p">,</span> <span class="o">*</span><span class="n">args</span><span class="p">,</span> <span class="o">**</span><span class="n">kwargs</span><span class="p">):</span></tt>
               </a>
            </li><li>
               
               <a href="env.lib.python3.10.site-packages.numpy.distutils.tests.test_ccompiler_opt_conf.source.html#l25">
                  <tt><i>25</i>     <span class="k">def</span> <span class="nf">dist_compile</span><span class="p">(</span><span class="bp">self</span><span class="p">,</span> <span class="n">sources</span><span class="p">,</span> <span class="n">flags</span><span class="p">,</span> <span class="o">**</span><span class="n">kwargs</span><span class="p">):</span></tt>
               </a>
            </li><li>
               
               <a href="env.lib.python3.10.site-packages.numpy.distutils.tests.test_ccompiler_opt_conf.source.html#l27">
                  <tt><i>27</i>     <span class="k">def</span> <span class="nf">dist_info</span><span class="p">(</span><span class="bp">self</span><span class="p">):</span></tt>
               </a>
            </li><li>
               
               <a href="env.lib.python3.10.site-packages.numpy.distutils.tests.test_ccompiler_opt_conf.source.html#l29">
                  <tt><i>29</i>     <span class="nd">@staticmethod</span></tt>
               </a>
            </li>
            </ul>
         </li>
         
         <li>
            <a data-code="E128">
               <span class="count sev-2">
                  3
               </span>
               <strong>E128:</strong> continuation line under-indented for visual indent
               
            </a>
            <ul class="details">
            <li>
               
               <a href="env.lib.python3.10.site-packages.numpy.distutils.tests.test_ccompiler_opt_conf.source.html#l88">
                  <tt><i>88</i>                     <span class="s2">&quot;expected &#39;</span><span class="si">%s</span><span class="s2">&#39; type for option &#39;</span><span class="si">%s</span><span class="s2">&#39; not &#39;</span><span class="si">%s</span><span class="s2">&#39;&quot;</span> <span class="o">%</span> <span class="p">(</span></tt>
               </a>
            </li><li>
               
               <a href="env.lib.python3.10.site-packages.numpy.distutils.tests.test_ccompiler_opt_conf.source.html#l141">
                  <tt><i>141</i>                 <span class="s2">&quot;in option &#39;group&#39;, &#39;</span><span class="si">%s</span><span class="s2">&#39; already exists as a feature name&quot;</span> <span class="o">%</span> <span class="n">f</span></tt>
               </a>
            </li><li>
               
               <a href="env.lib.python3.10.site-packages.numpy.distutils.tests.test_ccompiler_opt_conf.source.html#l158">
                  <tt><i>158</i>                 <span class="s2">&quot;in option &#39;extra_checks&#39;, extra test case &#39;</span><span class="si">%s</span><span class="s2">&#39; already exists as a feature name&quot;</span> <span class="o">%</span> <span class="n">f</span></tt>
               </a>
            </li>
            </ul>
         </li>
         
         <li>
            <a data-code="E302">
               <span class="count sev-2">
                  3
               </span>
               <strong>E302:</strong> expected 2 blank lines, found 1
               
            </a>
            <ul class="details">
            <li>
               
               <a href="env.lib.python3.10.site-packages.numpy.distutils.tests.test_ccompiler_opt_conf.source.html#l21">
                  <tt><i>21</i> <span class="k">class</span> <span class="nc">FakeCCompilerOpt</span><span class="p">(</span><span class="n">CCompilerOpt</span><span class="p">):</span></tt>
               </a>
            </li><li>
               
               <a href="env.lib.python3.10.site-packages.numpy.distutils.tests.test_ccompiler_opt_conf.source.html#l33">
                  <tt><i>33</i> <span class="k">class</span> <span class="nc">_TestConfFeatures</span><span class="p">(</span><span class="n">FakeCCompilerOpt</span><span class="p">):</span></tt>
               </a>
            </li><li>
               
               <a href="env.lib.python3.10.site-packages.numpy.distutils.tests.test_ccompiler_opt_conf.source.html#l161">
                  <tt><i>161</i> <span class="k">class</span> <span class="nc">TestConfFeatures</span><span class="p">(</span><span class="n">unittest</span><span class="o">.</span><span class="n">TestCase</span><span class="p">):</span></tt>
               </a>
            </li>
            </ul>
         </li>
         
         <li>
            <a data-code="E124">
               <span class="count sev-2">
                  2
               </span>
               <strong>E124:</strong> closing bracket does not match visual indentation
               
            </a>
            <ul class="details">
            <li>
               
               <a href="env.lib.python3.10.site-packages.numpy.distutils.tests.test_ccompiler_opt_conf.source.html#l142">
                  <tt><i>142</i>             <span class="p">)</span></tt>
               </a>
            </li><li>
               
               <a href="env.lib.python3.10.site-packages.numpy.distutils.tests.test_ccompiler_opt_conf.source.html#l159">
                  <tt><i>159</i>             <span class="p">)</span></tt>
               </a>
            </li>
            </ul>
         </li>
         
         <li>
            <a data-code="E203">
               <span class="count sev-2">
                  2
               </span>
               <strong>E203:</strong> whitespace before ':'
               
            </a>
            <ul class="details">
            <li>
               
               <a href="env.lib.python3.10.site-packages.numpy.distutils.tests.test_ccompiler_opt_conf.source.html#l80">
                  <tt><i>80</i>         <span class="p">)</span> <span class="p">:</span></tt>
               </a>
            </li><li>
               
               <a href="env.lib.python3.10.site-packages.numpy.distutils.tests.test_ccompiler_opt_conf.source.html#l99">
                  <tt><i>99</i>         <span class="p">)</span> <span class="p">:</span> <span class="k">return</span></tt>
               </a>
            </li>
            </ul>
         </li>
         
         <li>
            <a data-code="E122">
               <span class="count sev-2">
                  1
               </span>
               <strong>E122:</strong> continuation line missing indentation or outdented
               
            </a>
            <ul class="details">
            <li>
               
               <a href="env.lib.python3.10.site-packages.numpy.distutils.tests.test_ccompiler_opt_conf.source.html#l90">
                  <tt><i>90</i>                 <span class="p">))</span></tt>
               </a>
            </li>
            </ul>
         </li>
         
         <li>
            <a data-code="E305">
               <span class="count sev-2">
                  1
               </span>
               <strong>E305:</strong> expected 2 blank lines after class or function definition, found 1
               
            </a>
            <ul class="details">
            <li>
               
               <a href="env.lib.python3.10.site-packages.numpy.distutils.tests.test_ccompiler_opt_conf.source.html#l175">
                  <tt><i>175</i> <span class="k">if</span> <span class="n">is_standalone</span><span class="p">:</span></tt>
               </a>
            </li>
            </ul>
         </li>
         
         <li>
            <a data-code="E701">
               <span class="count sev-2">
                  1
               </span>
               <strong>E701:</strong> multiple statements on one line (colon)
               
            </a>
            <ul class="details">
            <li>
               
               <a href="env.lib.python3.10.site-packages.numpy.distutils.tests.test_ccompiler_opt_conf.source.html#l99">
                  <tt><i>99</i>         <span class="p">)</span> <span class="p">:</span> <span class="k">return</span></tt>
               </a>
            </li>
            </ul>
         </li>
         
         </ul>
      </div>
   </body>
</html>